<?xml version="1.0" encoding="UTF-8"?>
<testsuites>
  <testsuite name="dep1" errors="0" failures="0" tests="0" hostname="tbd" time="7.9e-05" timestamp="2020-05-13T07:39:45Z">
    <testcase classname="dep1.global" name="Connector async" time="0.000031">
      <system-out>
--CONST : C1
--CONST : C2
--CONF  : C1
--CONF  : C2
--CONECT: C1
--CONECT: C2
--START : C1
--START : C2
--STEP  : C1
--STEP  : C2
--STOP  : C1
--STOP  : C2
--DEST  : C2
--DEST  : C1
      </system-out>
    </testcase>
    <system-out>
--CONST : C1
--CONST : C2
--CONF  : C1
--CONF  : C2
--CONECT: C1
--CONECT: C2
--START : C1
--START : C2
--STEP  : C1
--STEP  : C2
--STOP  : C1
--STOP  : C2
--DEST  : C2
--DEST  : C1
    </system-out>
    <system-err/>
  </testsuite>
</testsuites>
