<?xml version="1.0" encoding="UTF-8"?>
<testsuites>
  <testsuite name="dep1" errors="0" failures="0" tests="34" hostname="tbd" time="0.0007" timestamp="2020-05-14T08:50:14Z">
    <testcase classname="dep1.global" name="Struct complex basic pointer" time="0.000156">
      <system-out>
--Elem_fac build
--Base1_fac build
--Base1_rev_fac build
--Node_fac build
--Node2_fac build
      </system-out>
    </testcase>
    <testcase classname="dep1.global" name="Struct complex nullptr pointer" time="0.000023"/>
    <testcase classname="dep1.global" name="Struct complex diamond pointer" time="0.00011"/>
    <testcase classname="dep1.global" name="Struct complex circular pointer" time="0.000081"/>
    <testcase classname="dep1.global" name="Struct complex diamond SmartPointer" time="0.000097"/>
    <testcase classname="dep1.global" name="Struct complex circular SmartPointer" time="0.000133"/>
    <system-out>
--Elem_fac build
--Base1_fac build
--Base1_rev_fac build
--Node_fac build
--Node2_fac build
    </system-out>
    <system-err/>
  </testsuite>
</testsuites>
