<?xml version="1.0" encoding="UTF-8"?>
<testsuites>
  <testsuite name="dep1" errors="0" failures="0" tests="0" hostname="tbd" time="9.1e-05" timestamp="2020-05-13T07:40:17Z">
    <testcase classname="dep1.global" name="Connector logger" time="0.000058">
      <system-out>
--CONST : C1
--CONST : C1
--CONST : C1
--CONST : C1
--CONF  : C1
--CONF  : C1
--CONF  : C1
--CONF  : C1
--CONECT: C1
--CONECT: C1
--CONECT: C1
--CONECT: C1
--START : C1
--START : C1
--START : C1
--START : C1
--STEP  : C1
--STEP  : C1
--STEP  : C1
--STEP  : C1
A: 1, 1, 1, 1, 
B: 10, 10, 10, 10, 
f1: 0, 0, 0, 0, 
f2: 0, 0, 0, 0, 
a: 1, 2, 3, 4, 
b: 11, 12, 13, 14, 
f1: 0, 0, 0, 0, 
f2: 0, 0, 0, 0, 
ping: 0, 0, 0, 0, 
ping: 0, 0, 0, 0, 
ping: 0, 0, 0, 0, 
ping: 0, 0, 0, 0, 
ping: 0, 0, 0, 0, 
ping: 0, 0, 0, 0, 
ping: 0, 0, 0, 0, 
a: 0, 0, 
a: 1, 1, 1, 
a: 2, 
a: 1, 0, 1, 2, 
--STOP  : C1
--STOP  : C1
--STOP  : C1
--STOP  : C1
--DEST  : C1
--DEST  : C1
--DEST  : C1
--DEST  : C1
      </system-out>
    </testcase>
    <system-out>
--CONST : C1
--CONST : C1
--CONST : C1
--CONST : C1
--CONF  : C1
--CONF  : C1
--CONF  : C1
--CONF  : C1
--CONECT: C1
--CONECT: C1
--CONECT: C1
--CONECT: C1
--START : C1
--START : C1
--START : C1
--START : C1
--STEP  : C1
--STEP  : C1
--STEP  : C1
--STEP  : C1
A: 1, 1, 1, 1, 
B: 10, 10, 10, 10, 
f1: 0, 0, 0, 0, 
f2: 0, 0, 0, 0, 
a: 1, 2, 3, 4, 
b: 11, 12, 13, 14, 
f1: 0, 0, 0, 0, 
f2: 0, 0, 0, 0, 
ping: 0, 0, 0, 0, 
ping: 0, 0, 0, 0, 
ping: 0, 0, 0, 0, 
ping: 0, 0, 0, 0, 
ping: 0, 0, 0, 0, 
ping: 0, 0, 0, 0, 
ping: 0, 0, 0, 0, 
a: 0, 0, 
a: 1, 1, 1, 
a: 2, 
a: 1, 0, 1, 2, 
--STOP  : C1
--STOP  : C1
--STOP  : C1
--STOP  : C1
--DEST  : C1
--DEST  : C1
--DEST  : C1
--DEST  : C1
    </system-out>
    <system-err/>
  </testsuite>
</testsuites>
