<?xml version="1.0" encoding="UTF-8"?>
<testsuites>
  <testsuite name="dep1" errors="0" failures="0" tests="54" hostname="tbd" time="0.000504" timestamp="2020-05-13T14:56:21Z">
    <testcase classname="dep1.global" name="Struct Parent heritage get/set" time="0.000157">
      <system-out>
--A_fac build
--AA_fac build
--AB_fac build
--AC_fac build
--AAB_fac build
--AAC_fac build
--AAA_fac build
--AAAA_fac build
--AAAAA_fac build
--AAAAAA_fac build
      </system-out>
    </testcase>
    <testcase classname="dep1.global" name="Struct Parent heritage ClassPoly" time="0.000072"/>
    <testcase classname="dep1.global" name="Struct Parent Serialization" time="0.000072"/>
    <testcase classname="dep1.global" name="Struct Parent Serialization 2" time="0.000067"/>
    <testcase classname="dep1.global" name="Struct Parent Serialization dynamic cast" time="0.000028"/>
    <testcase classname="dep1.global" name="Struct Parent Serialization cast" time="0.000022"/>
    <system-out>
--A_fac build
--AA_fac build
--AB_fac build
--AC_fac build
--AAB_fac build
--AAC_fac build
--AAA_fac build
--AAAA_fac build
--AAAAA_fac build
--AAAAAA_fac build
    </system-out>
    <system-err/>
  </testsuite>
</testsuites>
