<?xml version="1.0" encoding="UTF-8"?>
<testsuites>
  <testsuite name="dep1" errors="0" failures="0" tests="0" hostname="tbd" time="5.1e-05" timestamp="2020-05-13T07:40:00Z">
    <testcase classname="dep1.global" name="Connector dispatcher" time="0.000022">
      <system-out>
--CONST : C1
--CONST : C1
--CONST : C1
--CONF  : C1
--CONF  : C1
--CONF  : C1
--CONECT: C1
--CONECT: C1
--CONECT: C1
--START : C1
--START : C1
--START : C1
4
5
6
4
5
6
0
0
0
0
0
0
--STOP  : C1
--STOP  : C1
--STOP  : C1
--DEST  : C1
--DEST  : C1
--DEST  : C1
      </system-out>
    </testcase>
    <system-out>
--CONST : C1
--CONST : C1
--CONST : C1
--CONF  : C1
--CONF  : C1
--CONF  : C1
--CONECT: C1
--CONECT: C1
--CONECT: C1
--START : C1
--START : C1
--START : C1
4
5
6
4
5
6
0
0
0
0
0
0
--STOP  : C1
--STOP  : C1
--STOP  : C1
--DEST  : C1
--DEST  : C1
--DEST  : C1
    </system-out>
    <system-err/>
  </testsuite>
</testsuites>
