<?xml version="1.0" encoding="UTF-8"?>
<testsuites>
  <testsuite name="dep1" errors="0" failures="0" tests="0" hostname="tbd" time="0.000106" timestamp="2020-05-13T07:39:24Z">
    <testcase classname="dep1.global" name="Connector logger" time="0.000078">
      <system-out>
--CONST : C1
--CONF  : C1
--CONECT: C1
--START : C1
--STOP  : C1
--DEST  : C1
      </system-out>
    </testcase>
    <system-out>
--CONST : C1
--CONF  : C1
--CONECT: C1
--START : C1
--STOP  : C1
--DEST  : C1
    </system-out>
    <system-err/>
  </testsuite>
</testsuites>
